\BOOKMARK [0][]{ustcchapter.1.0}{\376\377\134\001\227\142}{}% 1
\BOOKMARK [0][]{ustcchapter.2.0}{\376\377\000T\000i\000t\000l\000e\000\040\000p\000a\000g\000e}{}% 2
\BOOKMARK [0][]{ustcchapter.3.0}{\376\377\201\364\214\042}{}% 3
\BOOKMARK [0][]{ustcchapter.4.0}{\376\377\166\356\137\125}{}% 4
\BOOKMARK [0][]{chapter*.7}{\376\377\116\055\145\207\121\205\133\271\144\130\211\201}{}% 5
\BOOKMARK [0][]{chapter*.8}{\376\377\202\361\145\207\121\205\133\271\144\130\211\201}{}% 6
\BOOKMARK [0][]{chapter.1}{\376\377\173\054\116\000\172\340\000\040\176\352\213\272}{}% 7
\BOOKMARK [1][-]{section.1.1}{\376\377\173\054\116\000\202\202\000\040\170\024\172\166\200\314\146\157}{chapter.1}% 8
\BOOKMARK [1][-]{section.1.2}{\376\377\173\054\116\214\202\202\000\040\147\054\145\207\135\345\117\134}{chapter.1}% 9
\BOOKMARK [0][]{chapter.2}{\376\377\173\054\116\214\172\340\000\040\166\370\121\163\152\041\127\213\116\313\176\315}{}% 10
\BOOKMARK [1][-]{section.2.1}{\376\377\173\054\116\000\202\202\000\040\000p\000i\000x\0002\000p\000i\000x\000H\000D\166\204\152\041\127\213\176\323\147\204}{chapter.2}% 11
\BOOKMARK [2][-]{subsection.2.1.1}{\376\377\116\000\000\040\173\200\116\313}{section.2.1}% 12
\BOOKMARK [2][-]{subsection.2.1.2}{\376\377\116\214\000\040\177\121\176\334\176\323\147\204}{section.2.1}% 13
\BOOKMARK [2][-]{subsection.2.1.3}{\376\377\116\011\000\040\166\356\150\007\121\375\145\160}{section.2.1}% 14
\BOOKMARK [1][-]{section.2.2}{\376\377\173\054\116\214\202\202\000\040\133\236\117\213\150\007\121\306\123\026}{chapter.2}% 15
\BOOKMARK [1][-]{section.2.3}{\376\377\173\054\116\011\202\202\000\040\152\041\127\213\137\025\121\145}{chapter.2}% 16
\BOOKMARK [1][-]{section.2.4}{\376\377\173\054\126\333\202\202\000\040\145\160\143\156\226\306\165\037\142\020}{chapter.2}% 17
\BOOKMARK [2][-]{subsection.2.4.1}{\376\377\116\000\000\040\000C\000e\000l\000e\000b\000A\000-\000H\000Q\145\160\143\156\226\306}{section.2.4}% 18
\BOOKMARK [2][-]{subsection.2.4.2}{\376\377\116\214\000\040\217\156\136\323\145\160\143\156\226\306}{section.2.4}% 19
\BOOKMARK [2][-]{subsection.2.4.3}{\376\377\116\011\000\040\142\113\176\330\203\111\126\376\166\204\165\037\142\020}{section.2.4}% 20
\BOOKMARK [0][]{chapter.3}{\376\377\173\054\116\011\172\340\000\040\162\171\137\201\123\357\211\306\123\026}{}% 21
\BOOKMARK [1][-]{section.3.1}{\376\377\173\054\116\000\202\202\000\040\000t\000-\000S\000N\000E\123\237\164\006}{chapter.3}% 22
\BOOKMARK [2][-]{subsection.3.1.1}{\376\377\116\000\000\040\000S\000N\000E}{section.3.1}% 23
\BOOKMARK [2][-]{subsection.3.1.2}{\376\377\116\214\000\040\000t\000-\000S\000N\000E}{section.3.1}% 24
\BOOKMARK [1][-]{section.3.2}{\376\377\173\054\116\214\202\202\000\040\203\111\126\376\162\171\137\201\122\006\147\220}{chapter.3}% 25
\BOOKMARK [1][-]{section.3.3}{\376\377\173\054\116\011\202\202\000\040\000P\000C\000A\123\357\211\306\123\026\122\006\147\220}{chapter.3}% 26
\BOOKMARK [1][-]{section.3.4}{\376\377\173\054\126\333\202\202\000\040\000t\000-\000S\000N\000E\123\357\211\306\123\026\122\006\147\220}{chapter.3}% 27
\BOOKMARK [0][]{chapter.4}{\376\377\173\054\126\333\172\340\000\040\133\236\232\214\176\323\147\234\123\312\122\006\147\220}{}% 28
\BOOKMARK [1][-]{section.4.1}{\376\377\173\054\116\000\202\202\000\040\145\160\143\156\130\236\136\177}{chapter.4}% 29
\BOOKMARK [2][-]{subsection.4.1.1}{\376\377\116\000\000\040\217\223\121\145\145\160\143\156\166\204\121\150\134\100\133\371\237\120\225\356\230\230}{section.4.1}% 30
\BOOKMARK [2][-]{subsection.4.1.2}{\376\377\116\214\000\040\213\255\176\303\145\160\143\156\166\204\130\236\136\177}{section.4.1}% 31
\BOOKMARK [1][-]{section.4.2}{\376\377\173\054\116\214\202\202\000\040\142\021\116\354\152\041\127\213\166\204\165\037\142\020\145\110\147\234\123\312\133\371\153\324\133\236\232\214}{chapter.4}% 32
\BOOKMARK [2][-]{subsection.4.2.1}{\376\377\116\000\000\040\224\210\133\371\133\236\117\213\150\007\121\306\123\026\166\204\155\210\207\215\133\236\232\214}{section.4.2}% 33
\BOOKMARK [2][-]{subsection.4.2.2}{\376\377\116\214\000\040\142\021\116\354\166\204\152\041\127\213\116\016\000p\000i\000x\0002\000p\000i\000x\000H\000D\166\204\133\371\153\324\133\236\232\214}{section.4.2}% 34
\BOOKMARK [0][]{chapter.5}{\376\377\173\054\116\224\172\340\000\040\140\073\176\323\124\214\134\125\147\033}{}% 35
\BOOKMARK [0][]{chapter*.29}{\376\377\123\302\200\003\145\207\163\056}{}% 36
